<?xml version="1.0" encoding="UTF-8"?>
<!-- Generated by org.testng.reporters.JUnitReportReporter -->
<testsuite hostname="DESKTOP-LE7S6F1" failures="0" tests="1" name="Projects.demo" time="11.711" errors="0" timestamp="2023-07-07T16:12:49 ICT" skipped="0">
  <testcase classname="Projects.demo" name="Test" time="11.711"/>
</testsuite> <!-- Projects.demo -->
