<?xml version="1.0" encoding="UTF-8"?>
<!-- Generated by org.testng.reporters.JUnitReportReporter -->
<testsuite hostname="DESKTOP-LE7S6F1" failures="0" tests="1" name="Projects.demo2" time="1.928" errors="0" timestamp="2023-07-07T16:29:01 ICT" skipped="0">
  <testcase classname="Projects.demo2" name="Test" time="1.928"/>
</testsuite> <!-- Projects.demo2 -->
