<?xml version="1.0" encoding="UTF-8"?>
<!-- Generated by org.testng.reporters.JUnitReportReporter -->
<testsuite hostname="DESKTOP-LE7S6F1" failures="0" tests="1" name="Projects.get_row_and_column_method" time="5.136" errors="0" timestamp="2023-07-07T17:59:01 ICT" skipped="0">
  <testcase classname="Projects.get_row_and_column_method" name="Test" time="5.136"/>
</testsuite> <!-- Projects.get_row_and_column_method -->
